0 info it worked if it ends with ok
1 verbose cli [ '/Users/bartoszlegiec/.nvm/versions/node/v5.12.0/bin/node',
1 verbose cli   '/Users/bartoszlegiec/.nvm/versions/node/v5.12.0/bin/npm',
1 verbose cli   'run',
1 verbose cli   'start:s' ]
2 info using npm@3.8.6
3 info using node@v5.12.0
4 verbose run-script [ 'prestart:s', 'start:s', 'poststart:s' ]
5 info lifecycle play-drumroll@0.0.3~prestart:s: play-drumroll@0.0.3
6 silly lifecycle play-drumroll@0.0.3~prestart:s: no script for prestart:s, continuing
7 info lifecycle play-drumroll@0.0.3~start:s: play-drumroll@0.0.3
8 verbose lifecycle play-drumroll@0.0.3~start:s: unsafe-perm in lifecycle true
9 verbose lifecycle play-drumroll@0.0.3~start:s: PATH: /Users/bartoszlegiec/.nvm/versions/node/v5.12.0/lib/node_modules/npm/bin/node-gyp-bin:/Users/bartoszlegiec/Projects/play-drumroll/node_modules/.bin:/Users/bartoszlegiec/.nvm/versions/node/v5.12.0/bin:/Users/bartoszlegiec/.nvm/versions/node/v5.12.0/bin:/Users/bartoszlegiec/.yarn/bin:/usr/local/bin:/usr/bin:/bin:/usr/sbin:/sbin:/usr/local/MacGPG2/bin
10 verbose lifecycle play-drumroll@0.0.3~start:s: CWD: /Users/bartoszlegiec/Projects/play-drumroll
11 silly lifecycle play-drumroll@0.0.3~start:s: Args: [ '-c', './src/index.js node ./test/success.js' ]
12 silly lifecycle play-drumroll@0.0.3~start:s: Returned: code: 1  signal: null
13 info lifecycle play-drumroll@0.0.3~start:s: Failed to exec start:s script
14 verbose stack Error: play-drumroll@0.0.3 start:s: `./src/index.js node ./test/success.js`
14 verbose stack Exit status 1
14 verbose stack     at EventEmitter.<anonymous> (/Users/bartoszlegiec/.nvm/versions/node/v5.12.0/lib/node_modules/npm/lib/utils/lifecycle.js:239:16)
14 verbose stack     at emitTwo (events.js:100:13)
14 verbose stack     at EventEmitter.emit (events.js:185:7)
14 verbose stack     at ChildProcess.<anonymous> (/Users/bartoszlegiec/.nvm/versions/node/v5.12.0/lib/node_modules/npm/lib/utils/spawn.js:24:14)
14 verbose stack     at emitTwo (events.js:100:13)
14 verbose stack     at ChildProcess.emit (events.js:185:7)
14 verbose stack     at maybeClose (internal/child_process.js:850:16)
14 verbose stack     at Process.ChildProcess._handle.onexit (internal/child_process.js:215:5)
15 verbose pkgid play-drumroll@0.0.3
16 verbose cwd /Users/bartoszlegiec/Projects/play-drumroll
17 error Darwin 17.7.0
18 error argv "/Users/bartoszlegiec/.nvm/versions/node/v5.12.0/bin/node" "/Users/bartoszlegiec/.nvm/versions/node/v5.12.0/bin/npm" "run" "start:s"
19 error node v5.12.0
20 error npm  v3.8.6
21 error code ELIFECYCLE
22 error play-drumroll@0.0.3 start:s: `./src/index.js node ./test/success.js`
22 error Exit status 1
23 error Failed at the play-drumroll@0.0.3 start:s script './src/index.js node ./test/success.js'.
23 error Make sure you have the latest version of node.js and npm installed.
23 error If you do, this is most likely a problem with the play-drumroll package,
23 error not with npm itself.
23 error Tell the author that this fails on your system:
23 error     ./src/index.js node ./test/success.js
23 error You can get information on how to open an issue for this project with:
23 error     npm bugs play-drumroll
23 error Or if that isn't available, you can get their info via:
23 error     npm owner ls play-drumroll
23 error There is likely additional logging output above.
24 verbose exit [ 1, true ]
